2025-08-04 20:18:41 - masks - DEBUG - Начало маскировки номера карты: 7000792289606361
2025-08-04 20:18:41 - masks - INFO - Успешная маскировка карты: 7000792289606361 -> 7000 79** **** 6361
2025-08-04 20:18:41 - masks - DEBUG - Начало маскировки номера карты: 1596837868705199
2025-08-04 20:18:41 - masks - INFO - Успешная маскировка карты: 1596837868705199 -> 1596 83** **** 5199
2025-08-04 20:18:41 - masks - DEBUG - Начало маскировки номера карты: 1234567890123456
2025-08-04 20:18:41 - masks - INFO - Успешная маскировка карты: 1234567890123456 -> 1234 56** **** 3456
2025-08-04 20:18:41 - masks - DEBUG - Начало маскировки номера счета: 73654108430135874305
2025-08-04 20:18:41 - masks - INFO - Успешная маскировка счета: 73654108430135874305 -> **4305
2025-08-04 20:18:41 - masks - DEBUG - Начало маскировки номера счета: 1234567890123456
2025-08-04 20:18:41 - masks - INFO - Успешная маскировка счета: 1234567890123456 -> **3456
2025-08-04 20:18:41 - masks - DEBUG - Начало маскировки номера счета: 1234
2025-08-04 20:18:41 - masks - INFO - Успешная маскировка счета: 1234 -> **1234
2025-08-04 20:18:41 - masks - DEBUG - Начало маскировки номера счета: 12345678
2025-08-04 20:18:41 - masks - INFO - Успешная маскировка счета: 12345678 -> **5678
2025-08-04 20:18:41 - masks - DEBUG - Начало маскировки номера карты: 1234567890123456
2025-08-04 20:18:41 - masks - INFO - Успешная маскировка карты: 1234567890123456 -> 1234 56** **** 3456
2025-08-04 23:10:31 - masks - DEBUG - Начало маскировки карты: 1234...
2025-08-04 23:10:31 - masks - INFO - Карта замаскирована: ...3456
2025-08-04 23:10:31 - masks - DEBUG - Начало маскировки счета: ...5678
2025-08-04 23:10:31 - masks - INFO - Счет замаскирован: **5678
2025-08-04 23:25:15 - masks - DEBUG - Начало маскировки карты: 1234...
2025-08-04 23:25:15 - masks - INFO - Карта замаскирована: ...3456
2025-08-04 23:25:15 - masks - DEBUG - Начало маскировки счета: ...5678
2025-08-04 23:25:15 - masks - INFO - Счет замаскирован: **5678
2025-08-04 23:25:15 - masks - DEBUG - Начало маскировки карты: 123...
2025-08-04 23:25:15 - masks - ERROR - Номер карты должен содержать 16 цифр
2025-08-04 23:25:15 - masks - ERROR - Ошибка при маскировке карты
Traceback (most recent call last):
  File "C:\Users\User\PycharmProjects\bank_widget\src\masks.py", line 16, in mask_card_number
    raise ValueError(error_msg)
ValueError: Номер карты должен содержать 16 цифр
2025-08-04 23:25:15 - masks - DEBUG - Начало маскировки счета: ...abc
2025-08-04 23:25:15 - masks - ERROR - Номер счета должен содержать минимум 4 цифры
2025-08-04 23:25:15 - masks - ERROR - Ошибка при маскировке счета
Traceback (most recent call last):
  File "C:\Users\User\PycharmProjects\bank_widget\src\masks.py", line 35, in mask_account_number
    raise ValueError(error_msg)
ValueError: Номер счета должен содержать минимум 4 цифры
2025-08-04 23:40:29 - masks - DEBUG - Начало маскировки карты: 1234...
2025-08-04 23:40:29 - masks - INFO - Карта замаскирована: ...3456
2025-08-04 23:40:29 - masks - DEBUG - Начало маскировки счета: ...5678
2025-08-04 23:40:29 - masks - INFO - Счет замаскирован: **5678
2025-08-04 23:40:29 - masks - DEBUG - Начало маскировки карты: 123...
2025-08-04 23:40:29 - masks - ERROR - Номер карты должен содержать 16 цифр
2025-08-04 23:40:29 - masks - ERROR - Ошибка при маскировке карты
Traceback (most recent call last):
  File "C:\Users\User\PycharmProjects\bank_widget\src\masks.py", line 16, in mask_card_number
    raise ValueError(error_msg)
ValueError: Номер карты должен содержать 16 цифр
2025-08-04 23:40:29 - masks - DEBUG - Начало маскировки счета: ...abc
2025-08-04 23:40:29 - masks - ERROR - Номер счета должен содержать минимум 4 цифры
2025-08-04 23:40:29 - masks - ERROR - Ошибка при маскировке счета
Traceback (most recent call last):
  File "C:\Users\User\PycharmProjects\bank_widget\src\masks.py", line 35, in mask_account_number
    raise ValueError(error_msg)
ValueError: Номер счета должен содержать минимум 4 цифры
2025-08-04 23:43:17 - masks - DEBUG - Начало маскировки карты: 1234...
2025-08-04 23:43:17 - masks - INFO - Карта замаскирована: ...3456
2025-08-04 23:43:17 - masks - DEBUG - Начало маскировки счета: ...5678
2025-08-04 23:43:17 - masks - INFO - Счет замаскирован: **5678
2025-08-04 23:43:17 - masks - DEBUG - Начало маскировки карты: 123...
2025-08-04 23:43:17 - masks - ERROR - Номер карты должен содержать 16 цифр
2025-08-04 23:43:17 - masks - ERROR - Ошибка при маскировке карты
Traceback (most recent call last):
  File "C:\Users\User\PycharmProjects\bank_widget\src\masks.py", line 16, in mask_card_number
    raise ValueError(error_msg)
ValueError: Номер карты должен содержать 16 цифр
2025-08-04 23:43:17 - masks - DEBUG - Начало маскировки счета: ...abc
2025-08-04 23:43:17 - masks - ERROR - Номер счета должен содержать минимум 4 цифры
2025-08-04 23:43:17 - masks - ERROR - Ошибка при маскировке счета
Traceback (most recent call last):
  File "C:\Users\User\PycharmProjects\bank_widget\src\masks.py", line 35, in mask_account_number
    raise ValueError(error_msg)
ValueError: Номер счета должен содержать минимум 4 цифры
2025-08-04 23:49:27 - masks - DEBUG - Начало маскировки карты: 7000...
2025-08-04 23:49:27 - masks - INFO - Карта замаскирована: ...6361
2025-08-04 23:49:27 - masks - DEBUG - Начало маскировки карты: 1596...
2025-08-04 23:49:27 - masks - INFO - Карта замаскирована: ...5199
2025-08-04 23:49:27 - masks - DEBUG - Начало маскировки карты: 1234...
2025-08-04 23:49:27 - masks - INFO - Карта замаскирована: ...3456
2025-08-04 23:49:28 - masks - DEBUG - Начало маскировки счета: ...4305
2025-08-04 23:49:28 - masks - INFO - Счет замаскирован: **4305
2025-08-04 23:49:28 - masks - DEBUG - Начало маскировки счета: ...3456
2025-08-04 23:49:28 - masks - INFO - Счет замаскирован: **3456
2025-08-04 23:49:28 - masks - DEBUG - Начало маскировки счета: ...1234
2025-08-04 23:49:28 - masks - INFO - Счет замаскирован: **1234
2025-08-04 23:49:28 - masks - DEBUG - Начало маскировки карты: номе...
2025-08-04 23:49:28 - masks - ERROR - Номер карты должен содержать 16 цифр
2025-08-04 23:49:28 - masks - ERROR - Ошибка при маскировке карты
Traceback (most recent call last):
  File "C:\Users\User\PycharmProjects\bank_widget\src\masks.py", line 16, in mask_card_number
    raise ValueError(error_msg)
ValueError: Номер карты должен содержать 16 цифр
2025-08-04 23:49:28 - masks - DEBUG - Начало маскировки счета: ...5678
2025-08-04 23:49:28 - masks - INFO - Счет замаскирован: **5678
2025-08-04 23:49:28 - masks - DEBUG - Начало маскировки карты: 1234...
2025-08-04 23:49:28 - masks - INFO - Карта замаскирована: ...3456
2025-08-04 23:50:45 - masks - DEBUG - Начало маскировки карты: 7000...
2025-08-04 23:50:45 - masks - INFO - Карта замаскирована: ...6361
2025-08-04 23:50:45 - masks - DEBUG - Начало маскировки карты: 1596...
2025-08-04 23:50:45 - masks - INFO - Карта замаскирована: ...5199
2025-08-04 23:50:45 - masks - DEBUG - Начало маскировки карты: 1234...
2025-08-04 23:50:45 - masks - INFO - Карта замаскирована: ...3456
2025-08-04 23:50:45 - masks - DEBUG - Начало маскировки счета: ...4305
2025-08-04 23:50:45 - masks - INFO - Счет замаскирован: **4305
2025-08-04 23:50:45 - masks - DEBUG - Начало маскировки счета: ...3456
2025-08-04 23:50:45 - masks - INFO - Счет замаскирован: **3456
2025-08-04 23:50:45 - masks - DEBUG - Начало маскировки счета: ...1234
2025-08-04 23:50:45 - masks - INFO - Счет замаскирован: **1234
2025-08-04 23:50:45 - masks - DEBUG - Начало маскировки карты: номе...
2025-08-04 23:50:45 - masks - ERROR - Номер карты должен содержать 16 цифр
2025-08-04 23:50:45 - masks - ERROR - Ошибка при маскировке карты
Traceback (most recent call last):
  File "C:\Users\User\PycharmProjects\bank_widget\src\masks.py", line 16, in mask_card_number
    raise ValueError(error_msg)
ValueError: Номер карты должен содержать 16 цифр
2025-08-04 23:50:45 - masks - DEBUG - Начало маскировки счета: ...5678
2025-08-04 23:50:45 - masks - INFO - Счет замаскирован: **5678
2025-08-04 23:50:45 - masks - DEBUG - Начало маскировки карты: 1234...
2025-08-04 23:50:45 - masks - INFO - Карта замаскирована: ...3456
2025-08-04 23:53:27 - masks - DEBUG - Начало маскировки карты: 7000...
2025-08-04 23:53:27 - masks - INFO - Карта замаскирована: ...6361
2025-08-04 23:53:27 - masks - DEBUG - Начало маскировки карты: 1596...
2025-08-04 23:53:27 - masks - INFO - Карта замаскирована: ...5199
2025-08-04 23:53:27 - masks - DEBUG - Начало маскировки карты: 1234...
2025-08-04 23:53:27 - masks - INFO - Карта замаскирована: ...3456
2025-08-04 23:53:27 - masks - DEBUG - Начало маскировки счета: ...4305
2025-08-04 23:53:27 - masks - INFO - Счет замаскирован: **4305
2025-08-04 23:53:27 - masks - DEBUG - Начало маскировки счета: ...3456
2025-08-04 23:53:27 - masks - INFO - Счет замаскирован: **3456
2025-08-04 23:53:27 - masks - DEBUG - Начало маскировки счета: ...1234
2025-08-04 23:53:27 - masks - INFO - Счет замаскирован: **1234
2025-08-04 23:53:27 - masks - DEBUG - Начало маскировки карты: 123...
2025-08-04 23:53:27 - masks - ERROR - Номер карты должен содержать 16 цифр
2025-08-04 23:53:27 - masks - ERROR - Ошибка при маскировке карты
Traceback (most recent call last):
  File "C:\Users\User\PycharmProjects\bank_widget\src\masks.py", line 16, in mask_card_number
    raise ValueError(error_msg)
ValueError: Номер карты должен содержать 16 цифр
2025-08-04 23:53:27 - masks - DEBUG - Начало маскировки счета: ...5678
2025-08-04 23:53:27 - masks - INFO - Счет замаскирован: **5678
2025-08-04 23:53:27 - masks - DEBUG - Начало маскировки карты: 1234...
2025-08-04 23:53:27 - masks - INFO - Карта замаскирована: ...3456
2025-08-04 23:53:45 - masks - DEBUG - Начало маскировки карты: 1234...
2025-08-04 23:53:45 - masks - INFO - Карта замаскирована: ...3456
2025-08-04 23:53:45 - masks - DEBUG - Начало маскировки счета: ...5678
2025-08-04 23:53:45 - masks - INFO - Счет замаскирован: **5678
2025-08-04 23:53:45 - masks - DEBUG - Начало маскировки карты: 123...
2025-08-04 23:53:45 - masks - ERROR - Номер карты должен содержать 16 цифр
2025-08-04 23:53:45 - masks - ERROR - Ошибка при маскировке карты
Traceback (most recent call last):
  File "C:\Users\User\PycharmProjects\bank_widget\src\masks.py", line 16, in mask_card_number
    raise ValueError(error_msg)
ValueError: Номер карты должен содержать 16 цифр
2025-08-04 23:53:45 - masks - DEBUG - Начало маскировки счета: ...abc
2025-08-04 23:53:45 - masks - ERROR - Номер счета должен содержать минимум 4 цифры
2025-08-04 23:53:45 - masks - ERROR - Ошибка при маскировке счета
Traceback (most recent call last):
  File "C:\Users\User\PycharmProjects\bank_widget\src\masks.py", line 35, in mask_account_number
    raise ValueError(error_msg)
ValueError: Номер счета должен содержать минимум 4 цифры
2025-08-04 23:53:45 - masks - DEBUG - Начало маскировки карты: 7000...
2025-08-04 23:53:45 - masks - INFO - Карта замаскирована: ...6361
2025-08-04 23:53:45 - masks - DEBUG - Начало маскировки карты: 1596...
2025-08-04 23:53:45 - masks - INFO - Карта замаскирована: ...5199
2025-08-04 23:53:45 - masks - DEBUG - Начало маскировки карты: 1234...
2025-08-04 23:53:45 - masks - INFO - Карта замаскирована: ...3456
2025-08-04 23:53:45 - masks - DEBUG - Начало маскировки счета: ...4305
2025-08-04 23:53:45 - masks - INFO - Счет замаскирован: **4305
2025-08-04 23:53:45 - masks - DEBUG - Начало маскировки счета: ...3456
2025-08-04 23:53:45 - masks - INFO - Счет замаскирован: **3456
2025-08-04 23:53:45 - masks - DEBUG - Начало маскировки счета: ...1234
2025-08-04 23:53:45 - masks - INFO - Счет замаскирован: **1234
2025-08-04 23:53:45 - masks - DEBUG - Начало маскировки карты: 123...
2025-08-04 23:53:45 - masks - ERROR - Номер карты должен содержать 16 цифр
2025-08-04 23:53:45 - masks - ERROR - Ошибка при маскировке карты
Traceback (most recent call last):
  File "C:\Users\User\PycharmProjects\bank_widget\src\masks.py", line 16, in mask_card_number
    raise ValueError(error_msg)
ValueError: Номер карты должен содержать 16 цифр
2025-08-04 23:53:45 - masks - DEBUG - Начало маскировки счета: ...5678
2025-08-04 23:53:45 - masks - INFO - Счет замаскирован: **5678
2025-08-04 23:53:45 - masks - DEBUG - Начало маскировки карты: 1234...
2025-08-04 23:53:45 - masks - INFO - Карта замаскирована: ...3456
2025-08-04 23:58:42 - masks - DEBUG - Начало маскировки карты: 1234...
2025-08-04 23:58:42 - masks - INFO - Карта замаскирована: ...3456
2025-08-04 23:58:42 - masks - DEBUG - Начало маскировки счета: ...5678
2025-08-04 23:58:42 - masks - INFO - Счет замаскирован: **5678
2025-08-04 23:58:42 - masks - DEBUG - Начало маскировки карты: 123...
2025-08-04 23:58:42 - masks - ERROR - Номер карты должен содержать 16 цифр
2025-08-04 23:58:42 - masks - ERROR - Ошибка при маскировке карты
Traceback (most recent call last):
  File "C:\Users\User\PycharmProjects\bank_widget\src\masks.py", line 16, in mask_card_number
    raise ValueError(error_msg)
ValueError: Номер карты должен содержать 16 цифр
2025-08-04 23:58:42 - masks - DEBUG - Начало маскировки счета: ...abc
2025-08-04 23:58:42 - masks - ERROR - Номер счета должен содержать минимум 4 цифры
2025-08-04 23:58:42 - masks - ERROR - Ошибка при маскировке счета
Traceback (most recent call last):
  File "C:\Users\User\PycharmProjects\bank_widget\src\masks.py", line 35, in mask_account_number
    raise ValueError(error_msg)
ValueError: Номер счета должен содержать минимум 4 цифры
2025-08-04 23:58:42 - masks - DEBUG - Начало маскировки карты: 7000...
2025-08-04 23:58:42 - masks - INFO - Карта замаскирована: ...6361
2025-08-04 23:58:42 - masks - DEBUG - Начало маскировки карты: 1596...
2025-08-04 23:58:42 - masks - INFO - Карта замаскирована: ...5199
2025-08-04 23:58:42 - masks - DEBUG - Начало маскировки карты: 1234...
2025-08-04 23:58:42 - masks - INFO - Карта замаскирована: ...3456
2025-08-04 23:58:42 - masks - DEBUG - Начало маскировки счета: ...4305
2025-08-04 23:58:42 - masks - INFO - Счет замаскирован: **4305
2025-08-04 23:58:42 - masks - DEBUG - Начало маскировки счета: ...3456
2025-08-04 23:58:42 - masks - INFO - Счет замаскирован: **3456
2025-08-04 23:58:42 - masks - DEBUG - Начало маскировки счета: ...1234
2025-08-04 23:58:42 - masks - INFO - Счет замаскирован: **1234
2025-08-04 23:58:42 - masks - DEBUG - Начало маскировки карты: 123...
2025-08-04 23:58:42 - masks - ERROR - Номер карты должен содержать 16 цифр
2025-08-04 23:58:42 - masks - ERROR - Ошибка при маскировке карты
Traceback (most recent call last):
  File "C:\Users\User\PycharmProjects\bank_widget\src\masks.py", line 16, in mask_card_number
    raise ValueError(error_msg)
ValueError: Номер карты должен содержать 16 цифр
2025-08-04 23:58:42 - masks - DEBUG - Начало маскировки счета: ...5678
2025-08-04 23:58:42 - masks - INFO - Счет замаскирован: **5678
2025-08-04 23:58:42 - masks - DEBUG - Начало маскировки карты: 1234...
2025-08-04 23:58:42 - masks - INFO - Карта замаскирована: ...3456
