2025-08-04 20:18:41 - utils - DEBUG - Начало загрузки данных из файла: dummy_path.json
2025-08-04 20:18:41 - utils - INFO - Успешно загружено 2 транзакций из dummy_path.json
2025-08-04 20:18:41 - utils - DEBUG - Начало загрузки данных из файла: dummy_path.json
2025-08-04 20:18:41 - utils - INFO - Успешно загружено 0 транзакций из dummy_path.json
2025-08-04 20:18:41 - utils - DEBUG - Начало загрузки данных из файла: dummy_path.json
2025-08-04 20:18:41 - utils - WARNING - Файл dummy_path.json не содержит список (получен тип <class 'dict'>)
2025-08-04 20:18:41 - utils - DEBUG - Начало загрузки данных из файла: non_existent_file.json
2025-08-04 20:18:41 - utils - WARNING - Файл не найден: non_existent_file.json
2025-08-04 20:18:41 - utils - DEBUG - Начало загрузки данных из файла: dummy_path.json
2025-08-04 20:18:41 - utils - ERROR - Ошибка декодирования JSON в файле dummy_path.json
2025-08-04 20:18:41 - utils - DEBUG - Начало загрузки данных из файла: restricted_file.json
2025-08-04 20:18:41 - utils - ERROR - Ошибка доступа к файлу restricted_file.json
2025-08-04 20:18:41 - utils - DEBUG - Начало загрузки данных из файла: dummy_path.json
2025-08-04 20:18:41 - utils - ERROR - Ошибка декодирования JSON в файле dummy_path.json
2025-08-04 23:25:15 - utils - DEBUG - Начало загрузки файла: test_operations.json
2025-08-04 23:25:15 - utils - INFO - Успешно загружено 1 транзакций
2025-08-04 23:40:29 - utils - DEBUG - Начало загрузки файла: test_operations.json
2025-08-04 23:40:29 - utils - INFO - Успешно загружено 1 транзакций
2025-08-04 23:40:29 - utils - DEBUG - Начало загрузки файла: test.json
2025-08-04 23:40:29 - utils - INFO - Успешно загружено 2 транзакций
2025-08-04 23:40:29 - utils - DEBUG - Начало загрузки файла: test.json
2025-08-04 23:40:29 - utils - INFO - Успешно загружено 0 транзакций
2025-08-04 23:40:29 - utils - DEBUG - Начало загрузки файла: test.json
2025-08-04 23:40:29 - utils - ERROR - Файл не содержит список
2025-08-04 23:40:29 - utils - DEBUG - Начало загрузки файла: missing.json
2025-08-04 23:40:29 - utils - WARNING - Файл не найден: missing.json
2025-08-04 23:40:29 - utils - DEBUG - Начало загрузки файла: broken.json
2025-08-04 23:40:29 - utils - ERROR - Ошибка декодирования JSON
2025-08-04 23:40:29 - utils - DEBUG - Начало загрузки файла: restricted.json
2025-08-04 23:40:29 - utils - ERROR - Ошибка доступа к файлу
2025-08-04 23:40:29 - utils - DEBUG - Начало загрузки файла: empty.json
2025-08-04 23:40:29 - utils - ERROR - Ошибка декодирования JSON
2025-08-04 23:40:29 - utils - DEBUG - Начало загрузки файла: data/operations.json
2025-08-04 23:40:29 - utils - INFO - Успешно загружено 101 транзакций
2025-08-04 23:43:17 - utils - DEBUG - Начало загрузки файла: test_operations.json
2025-08-04 23:43:17 - utils - INFO - Успешно загружено 1 транзакций
2025-08-04 23:43:17 - utils - DEBUG - Начало загрузки файла: test.json
2025-08-04 23:43:17 - utils - INFO - Успешно загружено 2 транзакций
2025-08-04 23:43:17 - utils - DEBUG - Начало загрузки файла: test.json
2025-08-04 23:43:17 - utils - INFO - Успешно загружено 0 транзакций
2025-08-04 23:43:17 - utils - DEBUG - Начало загрузки файла: test.json
2025-08-04 23:43:17 - utils - ERROR - Файл не содержит список
2025-08-04 23:43:17 - utils - DEBUG - Начало загрузки файла: missing.json
2025-08-04 23:43:17 - utils - WARNING - Файл не найден: missing.json
2025-08-04 23:43:17 - utils - DEBUG - Начало загрузки файла: broken.json
2025-08-04 23:43:17 - utils - ERROR - Ошибка декодирования JSON
2025-08-04 23:43:17 - utils - DEBUG - Начало загрузки файла: restricted.json
2025-08-04 23:43:17 - utils - ERROR - Ошибка доступа к файлу
2025-08-04 23:43:17 - utils - DEBUG - Начало загрузки файла: empty.json
2025-08-04 23:43:17 - utils - ERROR - Ошибка декодирования JSON
2025-08-04 23:43:17 - utils - DEBUG - Начало загрузки файла: data/operations.json
2025-08-04 23:43:17 - utils - INFO - Успешно загружено 101 транзакций
2025-08-04 23:53:45 - utils - DEBUG - Начало загрузки файла: test_operations.json
2025-08-04 23:53:45 - utils - INFO - Успешно загружено 1 транзакций
2025-08-04 23:53:45 - utils - DEBUG - Начало загрузки файла: test.json
2025-08-04 23:53:45 - utils - INFO - Успешно загружено 2 транзакций
2025-08-04 23:53:45 - utils - DEBUG - Начало загрузки файла: test.json
2025-08-04 23:53:45 - utils - INFO - Успешно загружено 0 транзакций
2025-08-04 23:53:45 - utils - DEBUG - Начало загрузки файла: test.json
2025-08-04 23:53:45 - utils - ERROR - Файл не содержит список
2025-08-04 23:53:45 - utils - DEBUG - Начало загрузки файла: missing.json
2025-08-04 23:53:45 - utils - WARNING - Файл не найден: missing.json
2025-08-04 23:53:45 - utils - DEBUG - Начало загрузки файла: broken.json
2025-08-04 23:53:45 - utils - ERROR - Ошибка декодирования JSON
2025-08-04 23:53:45 - utils - DEBUG - Начало загрузки файла: restricted.json
2025-08-04 23:53:45 - utils - ERROR - Ошибка доступа к файлу
2025-08-04 23:53:45 - utils - DEBUG - Начало загрузки файла: empty.json
2025-08-04 23:53:45 - utils - ERROR - Ошибка декодирования JSON
2025-08-04 23:53:45 - utils - DEBUG - Начало загрузки файла: data/operations.json
2025-08-04 23:53:45 - utils - INFO - Успешно загружено 101 транзакций
2025-08-04 23:58:42 - utils - DEBUG - Начало загрузки файла: test_operations.json
2025-08-04 23:58:42 - utils - INFO - Успешно загружено 1 транзакций
2025-08-04 23:58:42 - utils - DEBUG - Начало загрузки файла: test.json
2025-08-04 23:58:42 - utils - INFO - Успешно загружено 2 транзакций
2025-08-04 23:58:42 - utils - DEBUG - Начало загрузки файла: test.json
2025-08-04 23:58:42 - utils - INFO - Успешно загружено 0 транзакций
2025-08-04 23:58:42 - utils - DEBUG - Начало загрузки файла: test.json
2025-08-04 23:58:42 - utils - ERROR - Файл не содержит список
2025-08-04 23:58:42 - utils - DEBUG - Начало загрузки файла: missing.json
2025-08-04 23:58:42 - utils - WARNING - Файл не найден: missing.json
2025-08-04 23:58:42 - utils - DEBUG - Начало загрузки файла: broken.json
2025-08-04 23:58:42 - utils - ERROR - Ошибка декодирования JSON
2025-08-04 23:58:42 - utils - DEBUG - Начало загрузки файла: restricted.json
2025-08-04 23:58:42 - utils - ERROR - Ошибка доступа к файлу
2025-08-04 23:58:42 - utils - DEBUG - Начало загрузки файла: empty.json
2025-08-04 23:58:42 - utils - ERROR - Ошибка декодирования JSON
2025-08-04 23:58:42 - utils - DEBUG - Начало загрузки файла: data/operations.json
2025-08-04 23:58:42 - utils - INFO - Успешно загружено 101 транзакций
